<?xml version="1.0" encoding="UTF-8"?>
<!-- Generated by org.testng.reporters.JUnitReportReporter -->
<testsuite hostname="DESKTOP-CS5CGAU" failures="0" tests="1" name="testCases.BonusTestCase4" time="1.576" errors="0" timestamp="2024-09-09T16:04:30 IST" skipped="0">
  <testcase classname="testCases.BonusTestCase4" name="testCase" time="1.576"/>
</testsuite> <!-- testCases.BonusTestCase4 -->
